This is pdfTeX, Version 3.1415926-2.3-1.40.12 (TeX Live 2011) (format=latex 2011.7.3)  14 AUG 2012 17:25
entering extended mode
 restricted \write18 enabled.
 %&-line parsing enabled.
**\makeatletter\def\HCode{\futurelet\HCode\HChar}\def\HChar{\ifx"\HCode\def\HCo
de"##1"{\Link##1}\expandafter\HCode\else\expandafter\Link\fi}\def\Link#1.a.b.c.
{\g@addto@macro\@documentclasshook{\RequirePackage[#1,html]{tex4ht}}\let\HCode\
documentstyle\def\documentstyle{\let\documentstyle\HCode\expandafter\def\csname
 tex4ht\endcsname{#1,html}\def\HCode####1{\documentstyle[tex4ht,}\@ifnextchar[{
\HCode}{\documentstyle[tex4ht]}}}\makeatother\HCode html.a.b.c.\input  PmagPy.t
ex
(./PmagPy.tex (/usr/local/texlive/2011/texmf-dist/tex/latex/base/book.cls
Document Class: book 2007/10/19 v1.4h Standard LaTeX document class
(/usr/local/texlive/2011/texmf-dist/tex/latex/base/bk11.clo
File: bk11.clo 2007/10/19 v1.4h Standard LaTeX file (size option)
)
\c@part=\count79
\c@chapter=\count80
\c@section=\count81
\c@subsection=\count82
\c@subsubsection=\count83
\c@paragraph=\count84
\c@subparagraph=\count85
\c@figure=\count86
\c@table=\count87
\abovecaptionskip=\skip41
\belowcaptionskip=\skip42
\bibindent=\dimen102
)
(/usr/local/texlive/2011/texmf-dist/tex/generic/tex4ht/tex4ht.sty
version 2008-10-27-17:23
Package: tex4ht 
--------------------------------------
--- Note --- for _ at preamble, use the command line option `early_'
--------------------------------------
--------------------------------------
--- Note --- for ^ at preamble, use the command line option `early^'
--------------------------------------
\tmp:toks=\toks14
)
(/usr/local/texlive/2011/texmf-dist/tex/generic/tex4ht/usepackage.4ht
version 2009-05-21-09:32
)
(/usr/local/texlive/2011/texmf-dist/tex/latex/graphics/graphicx.sty
Package: graphicx 1999/02/16 v1.0f Enhanced LaTeX Graphics (DPC,SPQR)

(/usr/local/texlive/2011/texmf-dist/tex/latex/graphics/keyval.sty
Package: keyval 1999/03/16 v1.13 key=value parser (DPC)
\KV@toks@=\toks15
)
(/usr/local/texlive/2011/texmf-dist/tex/latex/graphics/graphics.sty
Package: graphics 2009/02/05 v1.0o Standard LaTeX Graphics (DPC,SPQR)

(/usr/local/texlive/2011/texmf-dist/tex/latex/graphics/trig.sty
Package: trig 1999/03/16 v1.09 sin cos tan (DPC)
)
(/usr/local/texlive/2011/texmf-dist/tex/latex/latexconfig/graphics.cfg
File: graphics.cfg 2010/04/23 v1.9 graphics configuration of TeX Live
)
Package graphics Info: Driver file: dvips.def on input line 91.

(/usr/local/texlive/2011/texmf-dist/tex/latex/graphics/dvips.def
File: dvips.def 1999/02/16 v3.0i Driver-dependant file (DPC,SPQR)
))
\Gin@req@height=\dimen103
\Gin@req@width=\dimen104
)
(/usr/local/texlive/2011/texmf-dist/tex/latex/natbib/natbib.sty
Package: natbib 2010/09/13 8.31b (PWD, AO)
\bibhang=\skip43
\bibsep=\skip44
LaTeX Info: Redefining \cite on input line 694.
\c@NAT@ctr=\count88
)
(/usr/local/texlive/2011/texmf-dist/tex/latex/tools/bm.sty
Package: bm 2004/02/26 v1.1c Bold Symbol Support (DPC/FMi)
\symboldoperators=\mathgroup4
\symboldletters=\mathgroup5
\symboldsymbols=\mathgroup6
LaTeX Font Info:    Redeclaring math alphabet \mathbf on input line 138.
LaTeX Info: Redefining \bm on input line 204.
)
(/usr/local/texlive/2011/texmf-dist/tex/latex/amsfonts/amssymb.sty
Package: amssymb 2009/06/22 v3.00

(/usr/local/texlive/2011/texmf-dist/tex/latex/amsfonts/amsfonts.sty
Package: amsfonts 2009/06/22 v3.00 Basic AMSFonts support
\@emptytoks=\toks16
\symAMSa=\mathgroup7
\symAMSb=\mathgroup8
LaTeX Font Info:    Overwriting math alphabet `\mathfrak' in version `bold'
(Font)                  U/euf/m/n --> U/euf/b/n on input line 96.
))
(/usr/local/texlive/2011/texmf-dist/tex/latex/geometry/geometry.sty
Package: geometry 2010/09/12 v5.6 Page Geometry

(/usr/local/texlive/2011/texmf-dist/tex/generic/oberdiek/ifpdf.sty
Package: ifpdf 2011/01/30 v2.3 Provides the ifpdf switch (HO)
Package ifpdf Info: pdfTeX in PDF mode is not detected.
)
(/usr/local/texlive/2011/texmf-dist/tex/generic/oberdiek/ifvtex.sty
Package: ifvtex 2010/03/01 v1.5 Switches for detecting VTeX and its modes (HO)
Package ifvtex Info: VTeX not detected.
)
(/usr/local/texlive/2011/texmf-dist/tex/generic/ifxetex/ifxetex.sty
Package: ifxetex 2010/09/12 v0.6 Provides ifxetex conditional
)
\Gm@cnth=\count89
\Gm@cntv=\count90
\c@Gm@tempcnt=\count91
\Gm@bindingoffset=\dimen105
\Gm@wd@mp=\dimen106
\Gm@odd@mp=\dimen107
\Gm@even@mp=\dimen108
\Gm@layoutwidth=\dimen109
\Gm@layoutheight=\dimen110
\Gm@layouthoffset=\dimen111
\Gm@layoutvoffset=\dimen112
\Gm@dimlist=\toks17
)
(/usr/local/texlive/2011/texmf-dist/tex/latex/hyperref/hyperref.sty
Package: hyperref 2011/04/17 v6.82g Hypertext links for LaTeX

(/usr/local/texlive/2011/texmf-dist/tex/generic/oberdiek/hobsub-hyperref.sty
Package: hobsub-hyperref 2011/04/23 v1.4 Bundle oberdiek, subset hyperref (HO)

(/usr/local/texlive/2011/texmf-dist/tex/generic/oberdiek/hobsub-generic.sty
Package: hobsub-generic 2011/04/23 v1.4 Bundle oberdiek, subset generic (HO)
Package: hobsub 2011/04/23 v1.4 Subsetting bundle oberdiek (HO)
Package: infwarerr 2010/04/08 v1.3 Providing info/warning/message (HO)
Package: ltxcmds 2011/04/18 v1.20 LaTeX kernel commands for general use (HO)
Package: ifluatex 2010/03/01 v1.3 Provides the ifluatex switch (HO)
Package ifluatex Info: LuaTeX not detected.
Package hobsub Info: Skipping package `ifvtex' (already loaded).
Package: intcalc 2007/09/27 v1.1 Expandable integer calculations (HO)
Package hobsub Info: Skipping package `ifpdf' (already loaded).
Package: etexcmds 2011/02/16 v1.5 Prefix for e-TeX command names (HO)
Package etexcmds Info: Could not find \expanded.
(etexcmds)             That can mean that you are not using pdfTeX 1.50 or
(etexcmds)             that some package has redefined \expanded.
(etexcmds)             In the latter case, load this package earlier.
Package: kvsetkeys 2011/04/07 v1.13 Key value parser (HO)
Package: kvdefinekeys 2011/04/07 v1.3 Defining keys (HO)
Package: pdftexcmds 2011/04/22 v0.16 Utilities of pdfTeX for LuaTeX (HO)
Package pdftexcmds Info: LuaTeX not detected.
Package pdftexcmds Info: \pdf@primitive is available.
Package pdftexcmds Info: \pdf@ifprimitive is available.
Package pdftexcmds Info: \pdfdraftmode is ignored in DVI mode.
Package: pdfescape 2011/04/04 v1.12 Provides string conversions (HO)
Package: bigintcalc 2011/01/30 v1.2 Expandable big integer calculations (HO)
Package: bitset 2011/01/30 v1.1 Data type bit set (HO)
Package: uniquecounter 2011/01/30 v1.2 Provides unlimited unique counter (HO)
)
Package hobsub Info: Skipping package `hobsub' (already loaded).
Package: letltxmacro 2010/09/02 v1.4 Let assignment for LaTeX macros (HO)
Package: hopatch 2011/01/30 v1.0 Wrapper for package hooks (HO)
Package: xcolor-patch 2011/01/30 xcolor patch
Package: atveryend 2011/04/23 v1.7 Hooks at very end of document (HO)
Package atveryend Info: \enddocument detected (standard).
Package: atbegshi 2011/01/30 v1.15 At begin shipout hook (HO)
Package: refcount 2010/12/01 v3.2 Data extraction from references (HO)
Package: hycolor 2011/01/30 v1.7 Color options of hyperref/bookmark (HO)
)
(/usr/local/texlive/2011/texmf-dist/tex/latex/oberdiek/kvoptions.sty
Package: kvoptions 2010/12/23 v3.10 Keyval support for LaTeX options (HO)
)
\@linkdim=\dimen113
\Hy@linkcounter=\count92
\Hy@pagecounter=\count93

(/usr/local/texlive/2011/texmf-dist/tex/latex/hyperref/pd1enc.def
File: pd1enc.def 2011/04/17 v6.82g Hyperref: PDFDocEncoding definition (HO)
)
\Hy@SavedSpaceFactor=\count94

(/usr/local/texlive/2011/texmf-dist/tex/latex/latexconfig/hyperref.cfg
File: hyperref.cfg 2002/06/06 v1.2 hyperref configuration of TeXLive
)
Package hyperref Info: Option `colorlinks' set `true' on input line 3905.
Package hyperref Info: Hyper figures OFF on input line 4026.
Package hyperref Info: Link nesting OFF on input line 4031.
Package hyperref Info: Hyper index ON on input line 4034.
Package hyperref Info: Plain pages OFF on input line 4041.
Package hyperref Info: Backreferencing OFF on input line 4046.
Package hyperref Info: Implicit mode ON; LaTeX internals redefined.
Package hyperref Info: Bookmarks ON on input line 4264.
\c@Hy@tempcnt=\count95

(/usr/local/texlive/2011/texmf-dist/tex/latex/url/url.sty
\Urlmuskip=\muskip10
Package: url 2006/04/12  ver 3.3  Verb mode for urls, etc.
)
LaTeX Info: Redefining \url on input line 4617.
\Fld@menulength=\count96
\Field@Width=\dimen114
\Fld@charsize=\dimen115
\Field@toks=\toks18
Package hyperref Info: Hyper figures OFF on input line 5701.
Package hyperref Info: Link nesting OFF on input line 5706.
Package hyperref Info: Hyper index ON on input line 5709.
Package hyperref Info: backreferencing OFF on input line 5716.
Package hyperref Info: Link coloring ON on input line 5719.
Package hyperref Info: Link coloring with OCG OFF on input line 5726.
Package hyperref Info: PDF/A mode OFF on input line 5731.
LaTeX Info: Redefining \ref on input line 5771.
LaTeX Info: Redefining \pageref on input line 5775.
\Hy@abspage=\count97


Package hyperref Message: Stopped early.

)

Package hyperref Message: Driver: htex4ht.

(/usr/local/texlive/2011/texmf-dist/tex/latex/hyperref/htex4ht.def
File: htex4ht.def 2011/04/17 v6.82g Hyperref driver for TeX4ht
Package hyperref Info: tex4ht is already loaded.
)
(/usr/local/texlive/2011/texmf-dist/tex/generic/tex4ht/tex4ht.4ht
version 2009-01-07-07:11
--------------------------------------
--- Note --- for additional information, use the command line option `info'
--------------------------------------

::::::::::::::::::::::::::::::::::::::::::
 TeX4ht info is available in the log file 
::::::::::::::::::::::::::::::::::::::::::
) (/usr/local/texlive/2011/texmf-dist/tex/generic/tex4ht/tex4ht.sty
version 2008-10-27-17:23

(/usr/local/texlive/2011/texmf-dist/tex/latex/graphics/color.sty
Package: color 2005/11/14 v1.0j Standard LaTeX Color (DPC)

(/usr/local/texlive/2011/texmf-dist/tex/latex/latexconfig/color.cfg
File: color.cfg 2007/01/18 v1.5 color configuration of teTeX/TeXLive
)
Package color Info: Driver file: dvips.def on input line 130.

(/usr/local/texlive/2011/texmf-dist/tex/latex/graphics/dvipsnam.def
File: dvipsnam.def 1999/02/16 v3.0i Driver-dependant file (DPC,SPQR)
))
--- needs --- tex4ht PmagPy ---
\tmp:cnt=\count98
\openout15 = `PmagPy.tmp'.

(./PmagPy.tmp)
\tmp:dim=\skip45
--------------------------------------
--- Note --- for XML code, use the command line option `xml' or `xhtml'
--------------------------------------
 (./PmagPy.xref)
\:refout=\write3
\openout3 = `PmagPy.xref'.


(/usr/local/texlive/2011/texmf-dist/tex/generic/tex4ht/html4.4ht
version 2009-05-18-23:01
--------------------------------------
--- Note --- to remove the <?xml version=...?> processing instruction use the c
ommand line option `no-VERSION'
--------------------------------------
--------------------------------------
--- Note --- to remove the DOCTYPE declaration use the command line option `no-
DOCTYPE'
--------------------------------------
)
(/usr/local/texlive/2011/texmf-dist/tex/generic/tex4ht/html4-math.4ht
version 2009-05-18-23:01
)
--------------------------------------
--- Note --- for marking of the base font, use the command line option `fonts+'

--------------------------------------
--------------------------------------
--- Note --- for non active _, use the command line option `no_'
--------------------------------------
--------------------------------------
--- Note --- for _ of catcode 13, use the command line option `_13'
--------------------------------------
--------------------------------------
--- Note --- for non active ^, use the command line option `no^'
--------------------------------------
--------------------------------------
--- Note --- for ^ of catcode 13, use the command line option `^13'
--------------------------------------

(/usr/local/texlive/2011/texmf-dist/tex/generic/tex4ht/html4.4ht
version 2009-05-18-23:01
--------------------------------------
--- Note --- for alternative charset, use the command line option `charset=...'

--------------------------------------
--------------------------------------
--- Note --- to ignore CSS font decoration, use the `NoFonts' command line opti
on
--------------------------------------
--------------------------------------
--- Note --- for jpg bitmaps of pictures, use the `jpg' command line option. (C
haracter bitmaps are controled only by `g' records of tex4ht.env and `-g' switc
hes of tex4ht.c) 
--------------------------------------
--------------------------------------
--- Note --- for gif bitmaps of pictures, use the `gif' command line option. (C
haracter bitmaps are controled only by `g' records of tex4ht.env and `-g' switc
hes of tex4ht.c) 
--------------------------------------
--------------------------------------
--- Note --- for content and toc in 2 frames, use the command line option `fram
es'
--------------------------------------
--------------------------------------
--- Note --- for content, toc, and footnotes in 3 frames, use the command line 
option `frames-fn'
--------------------------------------
--------------------------------------
--- Note --- for file extension name xht, use the command line option `xht'
--------------------------------------
TeX4ht package options: html
--------------------------------------
--- Note --- to ignore CSS code, use the command line option `-css
--------------------------------------
--------------------------------------
--- Note --- for inline CSS code, use the command line option `css-in'
--------------------------------------
--------------------------------------
--- Note --- for pop ups on mouse over, use the command line option `mouseover'

--------------------------------------
--------------------------------------
--- Note --- for addressing images in a subdirectory, use the command line opti
on `imgdir:.../'
--------------------------------------
)
(/usr/local/texlive/2011/texmf-dist/tex/generic/tex4ht/html4-math.4ht
version 2009-05-18-23:01
)
\:tokwrite=\toks19
\:tokpage=\toks20
--------------------------------------
--- Note --- for back links to toc, use the command line option `sections+'
--------------------------------------
--------------------------------------
--- Note --- for linear crosslinks of pages, use the command line option `next'

--------------------------------------
\openout15 = `PmagPy.4ct'.

\:tocout=\write4
\openout4 = `PmagPy.4tc'.


(/usr/local/texlive/2011/texmf-dist/tex/generic/tex4ht/html4.4ht
version 2009-05-18-23:01
)
(/usr/local/texlive/2011/texmf-dist/tex/generic/tex4ht/html4-math.4ht
version 2009-05-18-23:01
)
(/usr/local/texlive/2011/texmf-dist/tex/generic/tex4ht/latex.4ht
version 2009-05-21-09:32
--------------------------------------
--- Note --- for links into captions, instead of float heads, use the command l
ine option `refcaption'
--------------------------------------

(/usr/local/texlive/2011/texmf-dist/tex/generic/tex4ht/html4.4ht
version 2009-05-18-23:01
--------------------------------------
--- Note --- For mini tocs immediately aftter the header use the command line o
ption `minitoc<'
--------------------------------------
--------------------------------------
--- Note --- for enumerated list elements with valued data, use the command lin
e option `enumerate+'
--------------------------------------
--------------------------------------
--- Note --- for enumerated list elements li's with value attributes, use the c
ommand line option `enumerate-'
--------------------------------------
--------------------------------------
--- Note --- for CSS2 code, use the command line option `css2'
--------------------------------------
--------------------------------------
--- Note --- for pictorial tabular, use the command line option `pic-tabular'
--------------------------------------
--------------------------------------
--- Note --- for bitmap fbox'es, use the command line option `pic-fbox'
--------------------------------------
--------------------------------------
--- Note --- for bitmap framebox'es, use the command line option `pic-framebox'

--------------------------------------
--------------------------------------
--- Note --- for inline footnotes use command line option `fn-in'
--------------------------------------
--------------------------------------
--- Note --- for tracing of latex font commands, use the command line option `f
onts'
--------------------------------------
--------------------------------------
--- Note --- for width specifications of tabular p entries, use the `p-width' c
ommand line option or a configuration similar to \Configure{HColWidth}{\HCode{ 
style="width:\HColWidth"}}
--------------------------------------
)
(/usr/local/texlive/2011/texmf-dist/tex/generic/tex4ht/html4-math.4ht
version 2009-05-18-23:01
--------------------------------------
--- Note --- for pictorial eqnarray, use the command line option `pic-eqnarray'

--------------------------------------
--------------------------------------
--- Note --- for pictorial array, use the command line option `pic-array'
--------------------------------------
--------------------------------------
--- Note --- for pictorial $...$ environments, use the command line option `pic
-m' (not recommended!!)
--------------------------------------
--------------------------------------
--- Note --- for pictorial $...$ and $$...$$ environments with latex alt, use t
he command line option `pic-m+' (not safe!!)
--------------------------------------
--------------------------------------
--- Note --- for pictorial array, use the command line option `pic-array'
--------------------------------------
))
(/usr/local/texlive/2011/texmf-dist/tex/generic/tex4ht/fontmath.4ht
version 2009-05-21-09:32

(/usr/local/texlive/2011/texmf-dist/tex/generic/tex4ht/html4.4ht
version 2009-05-18-23:01
)
(/usr/local/texlive/2011/texmf-dist/tex/generic/tex4ht/html4-math.4ht
version 2009-05-18-23:01
))
(/usr/local/texlive/2011/texmf-dist/tex/generic/tex4ht/book.4ht
version 2009-05-21-09:32

(/usr/local/texlive/2011/texmf-dist/tex/generic/tex4ht/html4.4ht
version 2009-05-18-23:01
--------------------------------------
--- Note --- for automatic sectioning pagination, use the command line option `
1', `2', `3', '4', '5', '6', or '7'
--------------------------------------
--------------------------------------
--- Note --- for files named derived from section titles, use the command line 
option `sec-filename'
--------------------------------------
--------------------------------------
--- Note --- for i-columns index, use the command line option `index=i' (e.g., 
index=2)
--------------------------------------
)
(/usr/local/texlive/2011/texmf-dist/tex/generic/tex4ht/html4-math.4ht
version 2009-05-18-23:01
))
(/usr/local/texlive/2011/texmf-dist/tex/generic/tex4ht/graphicx.4ht
version 2009-05-21-09:32

(/usr/local/texlive/2011/texmf-dist/tex/generic/tex4ht/html4.4ht
version 2009-05-18-23:01
)
(/usr/local/texlive/2011/texmf-dist/tex/generic/tex4ht/html4-math.4ht
version 2009-05-18-23:01
))
(/usr/local/texlive/2011/texmf-dist/tex/generic/tex4ht/graphics.4ht
version 2009-05-21-09:32

(/usr/local/texlive/2011/texmf-dist/tex/generic/tex4ht/html4.4ht
version 2009-05-18-23:01
--------------------------------------
--- Note --- if included graphics are of degraded quality, try the command line
 options `graphics-num' or `graphics-'. The `num' should provide the density of
 pixels in the bitmaps (e.g., 110). 
--------------------------------------
--------------------------------------
--- Note --- for key dimensions try the option `Gin-dim'; for key dimensions wh
en bounding box is unavailable try `Gin-dim+'; neither is recommended
--------------------------------------
)
(/usr/local/texlive/2011/texmf-dist/tex/generic/tex4ht/html4-math.4ht
version 2009-05-18-23:01
))
(/usr/local/texlive/2011/texmf-dist/tex/generic/tex4ht/dvips.4ht
version 2009-05-21-09:32

(/usr/local/texlive/2011/texmf-dist/tex/generic/tex4ht/html4.4ht
version 2009-05-18-23:01
)
(/usr/local/texlive/2011/texmf-dist/tex/generic/tex4ht/html4-math.4ht
version 2009-05-18-23:01
))
(/usr/local/texlive/2011/texmf-dist/tex/generic/tex4ht/natbib.4ht
version 2009-05-21-09:32

(/usr/local/texlive/2011/texmf-dist/tex/generic/tex4ht/html4.4ht
version 2009-05-18-23:01
)
(/usr/local/texlive/2011/texmf-dist/tex/generic/tex4ht/html4-math.4ht
version 2009-05-18-23:01
))
(/usr/local/texlive/2011/texmf-dist/tex/generic/tex4ht/bm.4ht
version 2009-05-21-09:32

(/usr/local/texlive/2011/texmf-dist/tex/generic/tex4ht/html4.4ht
version 2009-05-18-23:01
)
(/usr/local/texlive/2011/texmf-dist/tex/generic/tex4ht/html4-math.4ht
version 2009-05-18-23:01
))
(/usr/local/texlive/2011/texmf-dist/tex/generic/tex4ht/amssymb.4ht
version 2009-05-21-09:32

(/usr/local/texlive/2011/texmf-dist/tex/generic/tex4ht/html4.4ht
version 2009-05-18-23:01
)
(/usr/local/texlive/2011/texmf-dist/tex/generic/tex4ht/html4-math.4ht
version 2009-05-18-23:01
))
(/usr/local/texlive/2011/texmf-dist/tex/generic/tex4ht/amsfonts.4ht
version 2009-05-21-09:32

(/usr/local/texlive/2011/texmf-dist/tex/generic/tex4ht/html4.4ht
version 2009-05-18-23:01
)
(/usr/local/texlive/2011/texmf-dist/tex/generic/tex4ht/html4-math.4ht
version 2009-05-18-23:01
))
(/usr/local/texlive/2011/texmf-dist/tex/generic/tex4ht/hyperref.4ht
version 2011-01-30-16:01

(/usr/local/texlive/2011/texmf-dist/tex/latex/hyperref/nameref.sty
Package: nameref 2010/04/30 v2.40 Cross-referencing by name of section

(/usr/local/texlive/2011/texmf-dist/tex/generic/oberdiek/gettitlestring.sty
Package: gettitlestring 2010/12/03 v1.4 Cleanup title references (HO)
)
\c@section@level=\count99
)
(/usr/local/texlive/2011/texmf-dist/tex/generic/tex4ht/nameref.4ht
version 2010-09-04-21:02

(/usr/local/texlive/2011/texmf-dist/tex/generic/tex4ht/html4.4ht
version 2009-05-18-23:01
)
(/usr/local/texlive/2011/texmf-dist/tex/generic/tex4ht/html4-math.4ht
version 2009-05-18-23:01
))
LaTeX Info: Redefining \autoref on input line 100.
\Hy@SectionHShift=\skip46

(/usr/local/texlive/2011/texmf-dist/tex/generic/tex4ht/html4.4ht
version 2009-05-18-23:01
)
(/usr/local/texlive/2011/texmf-dist/tex/generic/tex4ht/html4-math.4ht
version 2009-05-18-23:01
))
(/usr/local/texlive/2011/texmf-dist/tex/generic/tex4ht/pd1enc.4ht
version 2009-05-21-09:32

(/usr/local/texlive/2011/texmf-dist/tex/generic/tex4ht/html4.4ht
version 2009-05-18-23:01
)
(/usr/local/texlive/2011/texmf-dist/tex/generic/tex4ht/html4-math.4ht
version 2009-05-18-23:01
))
(/usr/local/texlive/2011/texmf-dist/tex/generic/tex4ht/url.4ht
version 2009-05-21-09:32

(/usr/local/texlive/2011/texmf-dist/tex/generic/tex4ht/html4.4ht
version 2009-05-18-23:01
--------------------------------------
--- Note --- for URL encoding within href use the command line option `url-enc'

--------------------------------------
)
(/usr/local/texlive/2011/texmf-dist/tex/generic/tex4ht/html4-math.4ht
version 2009-05-18-23:01
))
(/usr/local/texlive/2011/texmf-dist/tex/generic/tex4ht/color.4ht
version 2009-05-21-09:32

(/usr/local/texlive/2011/texmf-dist/tex/generic/tex4ht/html4.4ht
version 2009-05-18-23:01
)
(/usr/local/texlive/2011/texmf-dist/tex/generic/tex4ht/html4-math.4ht
version 2009-05-18-23:01
))
(/usr/local/texlive/2011/texmf-dist/tex/generic/tex4ht/dvipsnam.4ht
version 2009-05-21-09:32

(/usr/local/texlive/2011/texmf-dist/tex/latex/graphics/dvipsnam.def)
(/usr/local/texlive/2011/texmf-dist/tex/generic/tex4ht/html4.4ht
version 2009-05-18-23:01
)
(/usr/local/texlive/2011/texmf-dist/tex/generic/tex4ht/html4-math.4ht
version 2009-05-18-23:01
))
(/usr/local/texlive/2011/texmf-dist/tex/generic/tex4ht/html4.4ht
version 2009-05-18-23:01
)
(/usr/local/texlive/2011/texmf-dist/tex/generic/tex4ht/html4-math.4ht
version 2009-05-18-23:01
))
(./PmagPy.aux)
\openout1 = `PmagPy.aux'.

LaTeX Font Info:    Checking defaults for OML/cmm/m/it on input line 45.
LaTeX Font Info:    ... okay on input line 45.
LaTeX Font Info:    Checking defaults for T1/cmr/m/n on input line 45.
LaTeX Font Info:    ... okay on input line 45.
LaTeX Font Info:    Checking defaults for OT1/cmr/m/n on input line 45.
LaTeX Font Info:    ... okay on input line 45.
LaTeX Font Info:    Checking defaults for OMS/cmsy/m/n on input line 45.
LaTeX Font Info:    ... okay on input line 45.
LaTeX Font Info:    Checking defaults for OMX/cmex/m/n on input line 45.
LaTeX Font Info:    ... okay on input line 45.
LaTeX Font Info:    Checking defaults for U/cmr/m/n on input line 45.
LaTeX Font Info:    ... okay on input line 45.
LaTeX Font Info:    Checking defaults for PD1/pdf/m/n on input line 45.
LaTeX Font Info:    ... okay on input line 45.

*geometry* driver: auto-detecting
*geometry* detected driver: dvips
*geometry* verbose mode - [ preamble ] result:
* driver: dvips
* paper: <default>
* layout: <same size as paper>
* layoutoffset:(h,v)=(0.0pt,0.0pt)
* modes: twoside 
* h-part:(L,W,R)=(101.17755pt, 411.9399pt, 101.17755pt)
* v-part:(T,H,B)=(101.17755pt, 592.61488pt, 101.17755pt)
* \paperwidth=614.295pt
* \paperheight=794.96999pt
* \textwidth=411.9399pt
* \textheight=592.61488pt
* \oddsidemargin=0.0pt
* \evensidemargin=0.0pt
* \topmargin=-2.96623pt
* \headheight=12.0pt
* \headsep=19.8738pt
* \topskip=11.0pt
* \footskip=27.46295pt
* \marginparwidth=116.0pt
* \marginparsep=7.0pt
* \columnsep=10.0pt
* \skip\footins=10.0pt plus 4.0pt minus 2.0pt
* \hoffset=0.0pt
* \voffset=0.0pt
* \mag=1000
* \@twocolumnfalse
* \@twosidetrue
* \@mparswitchtrue
* \@reversemarginfalse
* (1in=72.27pt=25.4mm, 1cm=28.453pt)

\AtBeginShipoutBox=\box26
Package hyperref Info: Link coloring ON on input line 45.
LaTeX Info: Redefining \ref on input line 45.
LaTeX Info: Redefining \pageref on input line 45.
LaTeX Info: Redefining \nameref on input line 45.
--- file PmagPy.css ---
[1

] [2

] [3]
LaTeX Font Info:    Try loading font information for U+msa on input line 56.
 (/usr/local/texlive/2011/texmf-dist/tex/latex/amsfonts/umsa.fd
File: umsa.fd 2009/06/22 v3.00 AMS symbols A
)
LaTeX Font Info:    Try loading font information for U+msb on input line 56.

(/usr/local/texlive/2011/texmf-dist/tex/latex/amsfonts/umsb.fd
File: umsb.fd 2009/06/22 v3.00 AMS symbols B
) [1] [2]
Chapter 1.

LaTeX Warning: File `EPSfiles/terminal.png' not found on input line 70.

l.70 --- TeX4ht warning --- File `EPSfiles/terminal.png' not found ---
l.70 --- TeX4ht warning --- Cannot determine size of graphic in EPSfiles/termin
al.png (no BoundingBox) ---
l. 70 --- needs --- EPSfiles/terminal.png ---

LaTeX Warning: File `EPSfiles/cmd.eps' not found on input line 74.

l. 74 Writing PmagPy.idv[1] (PmagPy0x.png)
l.74 --- TeX4ht warning --- File `EPSfiles/cmd.eps' not found ---
l.74 --- TeX4ht warning --- Cannot determine size of graphic in EPSfiles/cmd.ep
s (no BoundingBox) ---
File: EPSfiles/cmd.eps Graphic file (type eps)
<EPSfiles/cmd.eps> [3

]

LaTeX Warning: File `EPSfiles/terminals.eps' not found on input line 78.

l. 78 Writing PmagPy.idv[2] (PmagPy1x.png)
l.78 --- TeX4ht warning --- File `EPSfiles/terminals.eps' not found ---
l.78 --- TeX4ht warning --- Cannot determine size of graphic in EPSfiles/termin
als.eps (no BoundingBox) ---
File: EPSfiles/terminals.eps Graphic file (type eps)
<EPSfiles/terminals.eps> [4]

LaTeX Warning: File `EPSfiles/filesys.eps' not found on input line 92.

[5]
l. 92 Writing PmagPy.idv[3] (PmagPy2x.png)

l.92 --- TeX4ht warning --- File `EPSfiles/filesys.eps' not found ---
l.92 --- TeX4ht warning --- Cannot determine size of graphic in EPSfiles/filesy
s.eps (no BoundingBox) ---
File: EPSfiles/filesys.eps Graphic file (type eps)
<EPSfiles/filesys.eps> [6] [7] [8] [9]

LaTeX Warning: File `EPSfiles/matplotlib.eps' not found on input line 191.

l. 191 Writing PmagPy.idv[4] (PmagPy3x.png)
l.191 --- TeX4ht warning --- File `EPSfiles/matplotlib.eps' not found ---
l.191 --- TeX4ht warning --- Cannot determine size of graphic in EPSfiles/matpl
otlib.eps (no BoundingBox) ---
File: EPSfiles/matplotlib.eps Graphic file (type eps)
<EPSfiles/matplotlib.eps> [10] [11]
l. 223 Writing PmagPy.idv[5] (PmagPy4x.png)
l. 223 Writing PmagPy.idv[6] (PmagPy5x.png)
 [12]
LaTeX Font Info:    Try loading font information for OMS+cmr on input line 237.


(/usr/local/texlive/2011/texmf-dist/tex/latex/base/omscmr.fd
File: omscmr.fd 1999/05/25 v2.5h Standard LaTeX font definitions
)
LaTeX Font Info:    Font shape `OMS/cmr/m/n' in size <10.95> not available
(Font)              Font shape `OMS/cmsy/m/n' tried instead on input line 237.
 [13] [14]
[15] [16] [17] [18] [19] [20] [21] [22] [23] [24] [25] [26] [27] [28] [29]
[30] [31] [32] [33] [34] [35] [36] [37] [38]

LaTeX Warning: File `EPSfiles/ndim.eps' not found on input line 615.

l. 615 Writing PmagPy.idv[7] (PmagPy6x.png)
l.615 --- TeX4ht warning --- File `EPSfiles/ndim.eps' not found ---
l.615 --- TeX4ht warning --- Cannot determine size of graphic in EPSfiles/ndim.
eps (no BoundingBox) ---
File: EPSfiles/ndim.eps Graphic file (type eps)
<EPSfiles/ndim.eps> [39] [40] [41] [42] [43] [44] [45] [46] [47] [48] [49]
[50] [51] [52] [53] [54] [55] [56] [57] [58] [59] [60] [61] [62] [63] [64]
[65] [66] [67] [68] [69] [70] [71] [72] [73] [74] [75] [76] [77] [78] [79]
[80] [81] [82] [83] [84] [85] [86] [87] [88] [89] [90] [91] [92] [93] [94]
[95] [96] [97] [98] [99] [100] [101] [102] [103] [104] [105] [106]

LaTeX Warning: File `EPSfiles/matplotlib1.eps' not found on input line 1621.

l. 1621 Writing PmagPy.idv[8] (PmagPy7x.png)
l.1621 --- TeX4ht warning --- File `EPSfiles/matplotlib1.eps' not found ---
l.1621 --- TeX4ht warning --- Cannot determine size of graphic in EPSfiles/matp
lotlib1.eps (no BoundingBox) ---
File: EPSfiles/matplotlib1.eps Graphic file (type eps)
<EPSfiles/matplotlib1.eps> [107] [108] [109]

LaTeX Warning: File `EPSfiles/matplotlib2.eps' not found on input line 1664.

l. 1664 Writing PmagPy.idv[9] (PmagPy8x.png)
l.1664 --- TeX4ht warning --- File `EPSfiles/matplotlib2.eps' not found ---
l.1664 --- TeX4ht warning --- Cannot determine size of graphic in EPSfiles/matp
lotlib2.eps (no BoundingBox) ---
File: EPSfiles/matplotlib2.eps Graphic file (type eps)
<EPSfiles/matplotlib2.eps> [110] [111] [112] [113]

LaTeX Warning: File `EPSfiles/matplotlib3.eps' not found on input line 1722.

l. 1722 Writing PmagPy.idv[10] (PmagPy9x.png)
l.1722 --- TeX4ht warning --- File `EPSfiles/matplotlib3.eps' not found ---
l.1722 --- TeX4ht warning --- Cannot determine size of graphic in EPSfiles/matp
lotlib3.eps (no BoundingBox) ---
File: EPSfiles/matplotlib3.eps Graphic file (type eps)
<EPSfiles/matplotlib3.eps> [114] [115]

LaTeX Warning: File `EPSfiles/matplotlib4.eps' not found on input line 1756.

l. 1756 Writing PmagPy.idv[11] (PmagPy10x.png)
l.1756 --- TeX4ht warning --- File `EPSfiles/matplotlib4.eps' not found ---
l.1756 --- TeX4ht warning --- Cannot determine size of graphic in EPSfiles/matp
lotlib4.eps (no BoundingBox) ---
File: EPSfiles/matplotlib4.eps Graphic file (type eps)
<EPSfiles/matplotlib4.eps> [116] [117] [118

]
Chapter 2.

LaTeX Warning: File `EPSfiles/MagIC_search.eps' not found on input line 1788.

l. 1788 Writing PmagPy.idv[12] (PmagPy11x.png)
l.1788 --- TeX4ht warning --- File `EPSfiles/MagIC_search.eps' not found ---
l.1788 --- TeX4ht warning --- Cannot determine size of graphic in EPSfiles/MagI
C_search.eps (no BoundingBox) ---
File: EPSfiles/MagIC_search.eps Graphic file (type eps)
<EPSfiles/MagIC_search.eps> [119] [120] [121] [122] [123

] [124

] [125

] [126

]
[127

]

LaTeX Warning: Reference `tab:meth' on page 128 undefined on input line 1913.

[128

]
Chapter 3.
[129

]
\exnum=\count100
 [130]
Chapter 4.
[131

] [132] [133] [134]

Package natbib Warning: Citation `tauxe12' undefined on input line 2095.

[135]

LaTeX Warning: File `EPSfiles/tauxe12-magic.eps' not found on input line 2102.

l. 2102 Writing PmagPy.idv[13] (PmagPy12x.png)
l.2102 --- TeX4ht warning --- File `EPSfiles/tauxe12-magic.eps' not found ---
l.2102 --- TeX4ht warning --- Cannot determine size of graphic in EPSfiles/taux
e12-magic.eps (no BoundingBox) ---
File: EPSfiles/tauxe12-magic.eps Graphic file (type eps)
<EPSfiles/tauxe12-magic.eps> [136]

LaTeX Warning: File `EPSfiles/ani-depthplot.eps' not found on input line 2113.

l. 2113 Writing PmagPy.idv[14] (PmagPy13x.png)
l.2113 --- TeX4ht warning --- File `EPSfiles/ani-depthplot.eps' not found ---
l.2113 --- TeX4ht warning --- Cannot determine size of graphic in EPSfiles/ani-
depthplot.eps (no BoundingBox) ---
File: EPSfiles/ani-depthplot.eps Graphic file (type eps)
<EPSfiles/ani-depthplot.eps> [137] [138]

LaTeX Warning: File `EPSfiles/dike.eps' not found on input line 2145.

l. 2145 Writing PmagPy.idv[15] (PmagPy14x.png)
l.2145 --- TeX4ht warning --- File `EPSfiles/dike.eps' not found ---
l.2145 --- TeX4ht warning --- Cannot determine size of graphic in EPSfiles/dike
.eps (no BoundingBox) ---
File: EPSfiles/dike.eps Graphic file (type eps)
<EPSfiles/dike.eps> [139] [140] [141]

LaTeX Warning: File `EPSfiles/sed-aniso.eps' not found on input line 2170.

l. 2170 Writing PmagPy.idv[16] (PmagPy15x.png)
l.2170 --- TeX4ht warning --- File `EPSfiles/sed-aniso.eps' not found ---
l.2170 --- TeX4ht warning --- Cannot determine size of graphic in EPSfiles/sed-
aniso.eps (no BoundingBox) ---
File: EPSfiles/sed-aniso.eps Graphic file (type eps)
<EPSfiles/sed-aniso.eps> [142] [143] [144] [145]

LaTeX Warning: File `EPSfiles/atrm_meas.eps' not found on input line 2219.

l. 2219 Writing PmagPy.idv[17] (PmagPy16x.png)
l.2219 --- TeX4ht warning --- File `EPSfiles/atrm_meas.eps' not found ---
l.2219 --- TeX4ht warning --- Cannot determine size of graphic in EPSfiles/atrm
_meas.eps (no BoundingBox) ---
File: EPSfiles/atrm_meas.eps Graphic file (type eps)
<EPSfiles/atrm_meas.eps> [146] [147] [148] [149] [150]

LaTeX Warning: File `EPSfiles/basemap.eps' not found on input line 2301.

l. 2301 Writing PmagPy.idv[18] (PmagPy17x.png)
l.2301 --- TeX4ht warning --- File `EPSfiles/basemap.eps' not found ---
l.2301 --- TeX4ht warning --- Cannot determine size of graphic in EPSfiles/base
map.eps (no BoundingBox) ---
File: EPSfiles/basemap.eps Graphic file (type eps)
<EPSfiles/basemap.eps> [151] [152] [153]

LaTeX Warning: File `EPSfiles/arm-x.eps' not found on input line 2344.

l. 2344 Writing PmagPy.idv[19] (PmagPy18x.png)
l.2344 --- TeX4ht warning --- File `EPSfiles/arm-x.eps' not found ---
l.2344 --- TeX4ht warning --- Cannot determine size of graphic in EPSfiles/arm-
x.eps (no BoundingBox) ---
File: EPSfiles/arm-x.eps Graphic file (type eps)
<EPSfiles/arm-x.eps> [154] [155] [156] [157] [158] [159] [160]

Package natbib Warning: Citation `carterstiglitz06' undefined on input line 247
2.

[161]

LaTeX Warning: File `EPSfiles/chi-magic.eps' not found on input line 2487.

l. 2487 Writing PmagPy.idv[20] (PmagPy19x.png)
l.2487 --- TeX4ht warning --- File `EPSfiles/chi-magic.eps' not found ---
l.2487 --- TeX4ht warning --- Cannot determine size of graphic in EPSfiles/chi-
magic.eps (no BoundingBox) ---
File: EPSfiles/chi-magic.eps Graphic file (type eps)
<EPSfiles/chi-magic.eps> [162] [163]

LaTeX Warning: Reference `ex:agm_magic' on page 164 undefined on input line 249
5.

[164]

LaTeX Warning: File `EPSfiles/common-mean-eq.eps' not found on input line 2517.


l. 2517 Writing PmagPy.idv[21] (PmagPy20x.png)
l.2517 --- TeX4ht warning --- File `EPSfiles/common-mean-eq.eps' not found ---
l.2517 --- TeX4ht warning --- Cannot determine size of graphic in EPSfiles/comm
on-mean-eq.eps (no BoundingBox) ---
File: EPSfiles/common-mean-eq.eps Graphic file (type eps)
<EPSfiles/common-mean-eq.eps> [165] [166]

LaTeX Warning: File `EPSfiles/common-mean.eps' not found on input line 2532.

l. 2532 Writing PmagPy.idv[22] (PmagPy21x.png)
l.2532 --- TeX4ht warning --- File `EPSfiles/common-mean.eps' not found ---
l.2532 --- TeX4ht warning --- Cannot determine size of graphic in EPSfiles/comm
on-mean.eps (no BoundingBox) ---
File: EPSfiles/common-mean.eps Graphic file (type eps)
<EPSfiles/common-mean.eps> [167] [168] [169]

LaTeX Warning: File `EPSfiles/common-mean-EX.eps' not found on input line 2548.


l. 2548 Writing PmagPy.idv[23] (PmagPy22x.png)
l.2548 --- TeX4ht warning --- File `EPSfiles/common-mean-EX.eps' not found ---
l.2548 --- TeX4ht warning --- Cannot determine size of graphic in EPSfiles/comm
on-mean-EX.eps (no BoundingBox) ---
File: EPSfiles/common-mean-EX.eps Graphic file (type eps)
<EPSfiles/common-mean-EX.eps> [170] [171]

Package natbib Warning: Citation `torsvik08' undefined on input line 2556.

[172]

LaTeX Warning: File `EPSfiles/controt.eps' not found on input line 2573.

l. 2573 Writing PmagPy.idv[24] (PmagPy23x.png)
l.2573 --- TeX4ht warning --- File `EPSfiles/controt.eps' not found ---
l.2573 --- TeX4ht warning --- Cannot determine size of graphic in EPSfiles/cont
rot.eps (no BoundingBox) ---
File: EPSfiles/controt.eps Graphic file (type eps)
<EPSfiles/controt.eps> [173] [174] [175]

Package natbib Warning: Citation `tauxe97' undefined on input line 2600.


Package natbib Warning: Citation `gradstein04' undefined on input line 2600.

[176]

LaTeX Warning: File `EPSfiles/core-depthplot.eps' not found on input line 2608.


l. 2608 Writing PmagPy.idv[25] (PmagPy24x.png)
l.2608 --- TeX4ht warning --- File `EPSfiles/core-depthplot.eps' not found ---
l.2608 --- TeX4ht warning --- Cannot determine size of graphic in EPSfiles/core
-depthplot.eps (no BoundingBox) ---
File: EPSfiles/core-depthplot.eps Graphic file (type eps)
<EPSfiles/core-depthplot.eps> [177] [178]

LaTeX Warning: File `EPSfiles/curie-ex.eps' not found on input line 2630.

l. 2630 Writing PmagPy.idv[26] (PmagPy25x.png)
l.2630 --- TeX4ht warning --- File `EPSfiles/curie-ex.eps' not found ---
l.2630 --- TeX4ht warning --- Cannot determine size of graphic in EPSfiles/curi
e-ex.eps (no BoundingBox) ---
File: EPSfiles/curie-ex.eps Graphic file (type eps)
<EPSfiles/curie-ex.eps> [179] [180] [181]

LaTeX Warning: File `EPSfiles/dayplot.eps' not found on input line 2689.

l. 2689 Writing PmagPy.idv[27] (PmagPy26x.png)
l.2689 --- TeX4ht warning --- File `EPSfiles/dayplot.eps' not found ---
l.2689 --- TeX4ht warning --- Cannot determine size of graphic in EPSfiles/dayp
lot.eps (no BoundingBox) ---
File: EPSfiles/dayplot.eps Graphic file (type eps)
<EPSfiles/dayplot.eps> [182] [183] [184] [185] [186]

LaTeX Warning: File `EPSfiles/di_geo_spc_eq.eps' not found on input line 2741.

l. 2741 Writing PmagPy.idv[28] (PmagPy27x.png)
l.2741 --- TeX4ht warning --- File `EPSfiles/di_geo_spc_eq.eps' not found ---
l.2741 --- TeX4ht warning --- Cannot determine size of graphic in EPSfiles/di_g
eo_spc_eq.eps (no BoundingBox) ---
File: EPSfiles/di_geo_spc_eq.eps Graphic file (type eps)
<EPSfiles/di_geo_spc_eq.eps> [187]

LaTeX Warning: File `EPSfiles/di_geo_geo_eq.eps' not found on input line 2753.

l. 2753 Writing PmagPy.idv[29] (PmagPy28x.png)
l.2753 --- TeX4ht warning --- File `EPSfiles/di_geo_geo_eq.eps' not found ---
l.2753 --- TeX4ht warning --- Cannot determine size of graphic in EPSfiles/di_g
eo_geo_eq.eps (no BoundingBox) ---
File: EPSfiles/di_geo_geo_eq.eps Graphic file (type eps)
<EPSfiles/di_geo_geo_eq.eps> [188]

LaTeX Warning: File `EPSfiles/dirot.eps' not found on input line 2777.

l. 2777 Writing PmagPy.idv[30] (PmagPy29x.png)
l.2777 --- TeX4ht warning --- File `EPSfiles/dirot.eps' not found ---
l.2777 --- TeX4ht warning --- Cannot determine size of graphic in EPSfiles/diro
t.eps (no BoundingBox) ---
File: EPSfiles/dirot.eps Graphic file (type eps)
<EPSfiles/dirot.eps> [189] [190] [191] [192] [193] [194] [195] [196]

LaTeX Warning: File `EPSfiles/dmag.eps' not found on input line 2953.

l. 2953 Writing PmagPy.idv[31] (PmagPy30x.png)
l.2953 --- TeX4ht warning --- File `EPSfiles/dmag.eps' not found ---
l.2953 --- TeX4ht warning --- Cannot determine size of graphic in EPSfiles/dmag
.eps (no BoundingBox) ---
File: EPSfiles/dmag.eps Graphic file (type eps)
<EPSfiles/dmag.eps> [197] [198] [199] [200] [201]

LaTeX Warning: Reference `app:eqarea' on page 202 undefined on input line 3032.


[202]

LaTeX Warning: Reference `app:eqarea' on page 203 undefined on input line 3048.


[203] [204]

LaTeX Warning: File `EPSfiles/eqarea.eps' not found on input line 3087.

l. 3087 Writing PmagPy.idv[32] (PmagPy31x.png)
l.3087 --- TeX4ht warning --- File `EPSfiles/eqarea.eps' not found ---
l.3087 --- TeX4ht warning --- Cannot determine size of graphic in EPSfiles/eqar
ea.eps (no BoundingBox) ---
File: EPSfiles/eqarea.eps Graphic file (type eps)
<EPSfiles/eqarea.eps> [205]

LaTeX Warning: File `EPSfiles/eqarea_ell.eps' not found on input line 3117.

l. 3117 Writing PmagPy.idv[33] (PmagPy32x.png)
l.3117 --- TeX4ht warning --- File `EPSfiles/eqarea_ell.eps' not found ---
l.3117 --- TeX4ht warning --- Cannot determine size of graphic in EPSfiles/eqar
ea_ell.eps (no BoundingBox) ---
File: EPSfiles/eqarea_ell.eps Graphic file (type eps)
<EPSfiles/eqarea_ell.eps> [206] [207] [208]

LaTeX Warning: File `EPSfiles/eqarea-magic.eps' not found on input line 3173.

l. 3173 Writing PmagPy.idv[34] (PmagPy33x.png)
l.3173 --- TeX4ht warning --- File `EPSfiles/eqarea-magi